2024-11-14T09:59:29.821+08:00  INFO 17296 --- [JsbDev] [main] com.example.jsbdev.JsbDevApplication     : Starting JsbDevApplication using Java 21 with PID 17296 (D:\intelliJ_Project\JsbDev\target\classes started by john.andal in D:\intelliJ_Project\JsbDev)
2024-11-14T09:59:29.842+08:00  INFO 17296 --- [JsbDev] [main] com.example.jsbdev.JsbDevApplication     : No active profile set, falling back to 1 default profile: "default"
2024-11-14T09:59:32.027+08:00  INFO 17296 --- [JsbDev] [main] .s.d.r.c.RepositoryConfigurationDelegate : Bootstrapping Spring Data JPA repositories in DEFAULT mode.
2024-11-14T09:59:32.149+08:00  INFO 17296 --- [JsbDev] [main] .s.d.r.c.RepositoryConfigurationDelegate : Finished Spring Data repository scanning in 98 ms. Found 3 JPA repository interfaces.
2024-11-14T09:59:33.471+08:00  INFO 17296 --- [JsbDev] [main] o.s.b.w.embedded.tomcat.TomcatWebServer  : Tomcat initialized with port 8080 (http)
2024-11-14T09:59:33.491+08:00  INFO 17296 --- [JsbDev] [main] o.apache.catalina.core.StandardService   : Starting service [Tomcat]
2024-11-14T09:59:33.491+08:00  INFO 17296 --- [JsbDev] [main] o.apache.catalina.core.StandardEngine    : Starting Servlet engine: [Apache Tomcat/10.1.31]
2024-11-14T09:59:33.570+08:00  INFO 17296 --- [JsbDev] [main] o.a.c.c.C.[Tomcat].[localhost].[/]       : Initializing Spring embedded WebApplicationContext
2024-11-14T09:59:33.571+08:00  INFO 17296 --- [JsbDev] [main] w.s.c.ServletWebServerApplicationContext : Root WebApplicationContext: initialization completed in 3577 ms
2024-11-14T09:59:33.812+08:00  INFO 17296 --- [JsbDev] [main] com.zaxxer.hikari.HikariDataSource       : HikariPool-1 - Starting...
2024-11-14T09:59:34.495+08:00  INFO 17296 --- [JsbDev] [main] com.zaxxer.hikari.pool.HikariPool        : HikariPool-1 - Added connection com.mysql.cj.jdbc.ConnectionImpl@4fb64a52
2024-11-14T09:59:34.497+08:00  INFO 17296 --- [JsbDev] [main] com.zaxxer.hikari.HikariDataSource       : HikariPool-1 - Start completed.
2024-11-14T09:59:34.566+08:00  INFO 17296 --- [JsbDev] [main] o.hibernate.jpa.internal.util.LogHelper  : HHH000204: Processing PersistenceUnitInfo [name: default]
2024-11-14T09:59:34.712+08:00  INFO 17296 --- [JsbDev] [main] org.hibernate.Version                    : HHH000412: Hibernate ORM core version 6.5.3.Final
2024-11-14T09:59:34.778+08:00  INFO 17296 --- [JsbDev] [main] o.h.c.internal.RegionFactoryInitiator    : HHH000026: Second-level cache disabled
2024-11-14T09:59:35.469+08:00  INFO 17296 --- [JsbDev] [main] o.s.o.j.p.SpringPersistenceUnitInfo      : No LoadTimeWeaver setup: ignoring JPA class transformer
2024-11-14T09:59:37.075+08:00  INFO 17296 --- [JsbDev] [main] o.h.m.i.EntityInstantiatorPojoStandard   : HHH000182: No default (no-argument) constructor for class: com.example.jsbdev.security.CustomUser (class must be instantiated by Interceptor)
2024-11-14T09:59:37.479+08:00  INFO 17296 --- [JsbDev] [main] o.h.e.t.j.p.i.JtaPlatformInitiator       : HHH000489: No JTA platform available (set 'hibernate.transaction.jta.platform' to enable JTA platform integration)
2024-11-14T09:59:37.483+08:00  INFO 17296 --- [JsbDev] [main] j.LocalContainerEntityManagerFactoryBean : Initialized JPA EntityManagerFactory for persistence unit 'default'
2024-11-14T09:59:38.422+08:00  INFO 17296 --- [JsbDev] [main] o.s.d.j.r.query.QueryEnhancerFactory     : Hibernate is in classpath; If applicable, HQL parser will be used.
2024-11-14T09:59:39.200+08:00  WARN 17296 --- [JsbDev] [main] JpaBaseConfiguration$JpaWebConfiguration : spring.jpa.open-in-view is enabled by default. Therefore, database queries may be performed during view rendering. Explicitly configure spring.jpa.open-in-view to disable this warning
2024-11-14T09:59:39.336+08:00  INFO 17296 --- [JsbDev] [main] r$InitializeUserDetailsManagerConfigurer : Global AuthenticationManager configured with UserDetailsService bean with name customUserDetailsService
2024-11-14T09:59:40.346+08:00  INFO 17296 --- [JsbDev] [main] o.s.b.w.embedded.tomcat.TomcatWebServer  : Tomcat started on port 8080 (http) with context path '/'
2024-11-14T09:59:40.364+08:00  INFO 17296 --- [JsbDev] [main] com.example.jsbdev.JsbDevApplication     : Started JsbDevApplication in 11.176 seconds (process running for 11.72)
2024-11-14T10:00:18.634+08:00  INFO 17296 --- [JsbDev] [SpringApplicationShutdownHook] j.LocalContainerEntityManagerFactoryBean : Closing JPA EntityManagerFactory for persistence unit 'default'
2024-11-14T10:00:18.637+08:00  INFO 17296 --- [JsbDev] [SpringApplicationShutdownHook] com.zaxxer.hikari.HikariDataSource       : HikariPool-1 - Shutdown initiated...
2024-11-14T10:00:18.656+08:00  INFO 17296 --- [JsbDev] [SpringApplicationShutdownHook] com.zaxxer.hikari.HikariDataSource       : HikariPool-1 - Shutdown completed.
